<?xml version="1.0" encoding="UTF-8"?>
<testng-results ignored="0" total="1" passed="1" failed="0" skipped="0">
  <reporter-output>
  </reporter-output>
  <suite started-at="2023-03-09T16:34:27 GMT" name="All Test Suite" finished-at="2023-03-09T16:34:28 GMT" duration-ms="192">
    <groups>
    </groups>
    <test started-at="2023-03-09T16:34:27 GMT" name="C:/Users/hp/Desktop/2023/Frameworks/JenkinsIntegration" finished-at="2023-03-09T16:34:28 GMT" duration-ms="192">
      <class name="com.ibm.tests.TestCase">
        <test-method signature="sampleTest()[pri:0, instance:com.ibm.tests.TestCase@3e11f9e9]" started-at="2023-03-09T16:34:28 GMT" name="sampleTest" description="sample test case" finished-at="2023-03-09T16:34:28 GMT" duration-ms="16" status="PASS">
          <reporter-output>
          </reporter-output>
        </test-method> <!-- sampleTest -->
      </class> <!-- com.ibm.tests.TestCase -->
    </test> <!-- C:/Users/hp/Desktop/2023/Frameworks/JenkinsIntegration -->
  </suite> <!-- All Test Suite -->
</testng-results>
